
> @urc-falke/api@0.0.1 build C:\Users\mario\Sources\dev\urc-falke\apps\api
> tsc && pnpm db:push


> @urc-falke/api@0.0.1 db:push C:\Users\mario\Sources\dev\urc-falke\apps\api
> drizzle-kit push

No config path provided, using default 'drizzle.config.ts'
Reading config file 'C:\Users\mario\Sources\dev\urc-falke\apps\api\drizzle.config.ts'
Using '@neondatabase/serverless' driver for database querying
 Warning  '@neondatabase/serverless' can only connect to remote Neon/Vercel Postgres/Supabase instances through a websocket
[⣷] Pulling schema from database...
[2K[1G[⣯] Pulling schema from database...
[2K[1G[⣟] Pulling schema from database...
[2K[1G[⡿] Pulling schema from database...
[2K[1G[⢿] Pulling schema from database...
[2K[1G[⣻] Pulling schema from database...
[2K[1G[⣽] Pulling schema from database...
[2K[1G[⣷] Pulling schema from database...
[2K[1G[⣯] Pulling schema from database...
[2K[1G[⣟] Pulling schema from database...
[2K[1G[✓] Pulling schema from database...
[i] No changes detected
